<?xml version='1.0' encoding='UTF-8'?>
<testsuites>
  <testsuite name="home_ai-identification" tests="1" failures="1" time="25.0">
    <testcase id="AI Card Identification Feature Page" name="AI Card Identification Feature Page" classname="AI Card Identification Feature Page" time="25.0" status="ERROR">
      <properties>
        <property name="tags" value="marketing, home"/>
      </properties>
      <failure>Assertion is false: "Instant Recognition" is visible</failure>
    </testcase>
  </testsuite>
</testsuites>
