<?xml version='1.0' encoding='UTF-8'?>
<testsuites>
  <testsuite name="profile_test-bsc-credentials" tests="1" failures="1" time="67.0">
    <testcase id="Test BSC Credentials" name="Test BSC Credentials" classname="Test BSC Credentials" time="67.0" status="ERROR">
      <properties>
        <property name="tags" value="credentials, profile"/>
      </properties>
      <failure>Assertion is false: ".*Credentials saved successfully.*" is visible</failure>
    </testcase>
  </testsuite>
</testsuites>
