<?xml version='1.0' encoding='UTF-8'?>
<testsuites>
  <testsuite name="profile_save-bsc-credentials" tests="1" failures="1" time="66.0">
    <testcase id="Save and Clear BSC Credentials" name="Save and Clear BSC Credentials" classname="Save and Clear BSC Credentials" time="66.0" status="ERROR">
      <properties>
        <property name="tags" value="credentials, profile"/>
      </properties>
      <failure>Assertion is false: ".*Credentials saved successfully.*" is visible</failure>
    </testcase>
  </testsuite>
</testsuites>
