<?xml version='1.0' encoding='UTF-8'?>
<testsuites>
  <testsuite name="set-selector_edit-and-delete-card" tests="1" failures="1" time="27.0">
    <testcase id="Edit and Delete a Card from the Checklist" name="Edit and Delete a Card from the Checklist" classname="Edit and Delete a Card from the Checklist" time="27.0" status="ERROR">
      <properties>
        <property name="tags" value="set-selector, regression"/>
      </properties>
      <failure>No visible element found: ".*Select Platform.*"</failure>
    </testcase>
  </testsuite>
</testsuites>
