<?xml version='1.0' encoding='UTF-8'?>
<testsuites>
  <testsuite name="set-selector_sync-without-credentials" tests="1" failures="1" time="71.0">
    <testcase id="Sync Without Credentials Shows Error" name="Sync Without Credentials Shows Error" classname="Sync Without Credentials Shows Error" time="71.0" status="ERROR">
      <properties>
        <property name="tags" value="set-selector, regression"/>
      </properties>
      <failure>Assertion is false: ".*[Ee]rror|[Ff]ailed|[Nn]o credentials|[Nn]ot configured|[Uu]nauthorized.*" is visible</failure>
    </testcase>
  </testsuite>
</testsuites>
