<?xml version='1.0' encoding='UTF-8'?>
<testsuites>
  <testsuite name="set-selector_full-hierarchy-drill-down" tests="1" failures="1" time="27.0">
    <testcase id="Full Hierarchy Drill-Down — Sport to Cards Column" name="Full Hierarchy Drill-Down — Sport to Cards Column" classname="Full Hierarchy Drill-Down — Sport to Cards Column" time="27.0" status="ERROR">
      <properties>
        <property name="tags" value="set-selector, regression"/>
      </properties>
      <failure>No visible element found: ".*Select Platform.*"</failure>
    </testcase>
  </testsuite>
</testsuites>
