<?xml version='1.0' encoding='UTF-8'?>
<testsuites>
  <testsuite name="set-selector_custom-entry-survives-resync" tests="1" failures="1" time="27.0">
    <testcase id="Custom Entry Survives Re-Sync" name="Custom Entry Survives Re-Sync" classname="Custom Entry Survives Re-Sync" time="27.0" status="ERROR">
      <properties>
        <property name="tags" value="set-selector, regression"/>
      </properties>
      <failure>No visible element found: ".*Select Platform.*"</failure>
    </testcase>
  </testsuite>
</testsuites>
