<?xml version='1.0' encoding='UTF-8'?>
<testsuites>
  <testsuite name="set-selector_empty-state" tests="1" failures="1" time="19.0">
    <testcase id="Set Selector Empty State — No Options Available" name="Set Selector Empty State — No Options Available" classname="Set Selector Empty State — No Options Available" time="19.0" status="ERROR">
      <properties>
        <property name="tags" value="set-selector, regression"/>
      </properties>
      <failure>Assertion is false: ".*[Nn]o sports available.*" is visible</failure>
    </testcase>
  </testsuite>
</testsuites>
