<?xml version='1.0' encoding='UTF-8'?>
<testsuites>
  <testsuite name="set-selector_add-custom-card-to-checklist" tests="1" failures="1" time="27.0">
    <testcase id="Add Custom Card to Checklist" name="Add Custom Card to Checklist" classname="Add Custom Card to Checklist" time="27.0" status="ERROR">
      <properties>
        <property name="tags" value="set-selector, regression"/>
      </properties>
      <failure>No visible element found: ".*Select Platform.*"</failure>
    </testcase>
  </testsuite>
</testsuites>
